<?xml version="1.0" encoding="utf-8"?><testsuites><testsuite name="pytest" errors="2" failures="0" skipped="0" tests="2" time="1.795" timestamp="2026-03-29T22:14:30.978412" hostname="D16"><testcase classname="" name="tests.test_auth" time="0.000"><error message="collection failure">ImportError while importing test module 'C:\Users\efeka\OneDrive\Masaüstü\YazLab2_P1\dispatcher\tests\test_auth.py'.
Hint: make sure your test modules/packages have valid Python names.
Traceback:
C:\Program Files\WindowsApps\PythonSoftwareFoundation.Python.3.11_3.11.2544.0_x64__qbz5n2kfra8p0\Lib\importlib\__init__.py:126: in import_module
    return _bootstrap._gcd_import(name[level:], package, level)
tests\test_auth.py:3: in &lt;module&gt;
    import jwt
E   ModuleNotFoundError: No module named 'jwt'</error></testcase><testcase classname="" name="tests.test_routing" time="0.000"><error message="collection failure">ImportError while importing test module 'C:\Users\efeka\OneDrive\Masaüstü\YazLab2_P1\dispatcher\tests\test_routing.py'.
Hint: make sure your test modules/packages have valid Python names.
Traceback:
C:\Program Files\WindowsApps\PythonSoftwareFoundation.Python.3.11_3.11.2544.0_x64__qbz5n2kfra8p0\Lib\importlib\__init__.py:126: in import_module
    return _bootstrap._gcd_import(name[level:], package, level)
tests\test_routing.py:5: in &lt;module&gt;
    from src.main import app, route_store
src\main.py:5: in &lt;module&gt;
    import jwt
E   ModuleNotFoundError: No module named 'jwt'</error></testcase></testsuite></testsuites>